Traceback (most recent call last):
  File "/opt/hostedtoolcache/Python/3.12.9/x64/lib/python3.12/site-packages/jupyter_cache/executors/utils.py", line 58, in single_nb_execution
    executenb(
  File "/opt/hostedtoolcache/Python/3.12.9/x64/lib/python3.12/site-packages/nbclient/client.py", line 1319, in execute
    return NotebookClient(nb=nb, resources=resources, km=km, **kwargs).execute()
           ^^^^^^^^^^^^^^^^^^^^^^^^^^^^^^^^^^^^^^^^^^^^^^^^^^^^^^^^^^^^^^^^^^^^^
  File "/opt/hostedtoolcache/Python/3.12.9/x64/lib/python3.12/site-packages/jupyter_core/utils/__init__.py", line 165, in wrapped
    return loop.run_until_complete(inner)
           ^^^^^^^^^^^^^^^^^^^^^^^^^^^^^^
  File "/opt/hostedtoolcache/Python/3.12.9/x64/lib/python3.12/asyncio/base_events.py", line 691, in run_until_complete
    return future.result()
           ^^^^^^^^^^^^^^^
  File "/opt/hostedtoolcache/Python/3.12.9/x64/lib/python3.12/site-packages/nbclient/client.py", line 709, in async_execute
    await self.async_execute_cell(
  File "/opt/hostedtoolcache/Python/3.12.9/x64/lib/python3.12/site-packages/nbclient/client.py", line 1062, in async_execute_cell
    await self._check_raise_for_error(cell, cell_index, exec_reply)
  File "/opt/hostedtoolcache/Python/3.12.9/x64/lib/python3.12/site-packages/nbclient/client.py", line 918, in _check_raise_for_error
    raise CellExecutionError.from_cell_and_msg(cell, exec_reply_content)
nbclient.exceptions.CellExecutionError: An error occurred while executing the following cell:
------------------
b = [1, 2, 3]
x = A \ b
------------------


SingularException(3)

Stacktrace:
  [1] checknonsingular
    @ /opt/hostedtoolcache/julia/1.11.4/x64/share/julia/stdlib/v1.11/LinearAlgebra/src/factorization.jl:69 [inlined]
  [2] _check_lu_success
    @ /opt/hostedtoolcache/julia/1.11.4/x64/share/julia/stdlib/v1.11/LinearAlgebra/src/lu.jl:84 [inlined]
  [3] #lu!#182
    @ /opt/hostedtoolcache/julia/1.11.4/x64/share/julia/stdlib/v1.11/LinearAlgebra/src/lu.jl:92 [inlined]
  [4] lu!
    @ /opt/hostedtoolcache/julia/1.11.4/x64/share/julia/stdlib/v1.11/LinearAlgebra/src/lu.jl:90 [inlined]
  [5] lu!
    @ /opt/hostedtoolcache/julia/1.11.4/x64/share/julia/stdlib/v1.11/LinearAlgebra/src/lu.jl:89 [inlined]
  [6] _lu
    @ /opt/hostedtoolcache/julia/1.11.4/x64/share/julia/stdlib/v1.11/LinearAlgebra/src/lu.jl:347 [inlined]
  [7] lu(::Matrix{Int64}; kwargs::@Kwargs{})
    @ LinearAlgebra /opt/hostedtoolcache/julia/1.11.4/x64/share/julia/stdlib/v1.11/LinearAlgebra/src/lu.jl:341
  [8] lu
    @ /opt/hostedtoolcache/julia/1.11.4/x64/share/julia/stdlib/v1.11/LinearAlgebra/src/lu.jl:341 [inlined]
  [9] \(A::Matrix{Int64}, B::Vector{Int64})
    @ LinearAlgebra /opt/hostedtoolcache/julia/1.11.4/x64/share/julia/stdlib/v1.11/LinearAlgebra/src/generic.jl:1132
 [10] top-level scope
    @ In[9]:2

